2017-11-20 20:28 - Starting now
2017-11-20 20:28 - GPIO Setup Complete
2017-11-20 20:28 - Temperature: 6.2 C, Humidity:    35.8 %, Dew Point:   11.7 C
2017-11-20 20:28 - Starting now
2017-11-20 20:28 - GPIO Setup Complete
2017-11-20 20:28 - Temperature: 12.1 C, Humidity:    57.0 %, Dew Point:   4.8 C, Turning Fan On
2017-11-20 20:29 - Temperature: 5.3 C, Humidity:    27.6 %, Dew Point:   5.9 C
2017-11-20 20:29 - Temperature: 12.2 C, Humidity:    67.1 %, Dew Point:   10.6 C
2017-11-20 20:29 - Temperature: 12.4 C, Humidity:    48.7 %, Dew Point:   7.1 C, Turning Fan Off
2017-11-20 20:29 - Temperature: 4.8 C, Humidity:    51.0 %, Dew Point:   2.9 C, Turning Fan On
2017-11-20 20:38 - Starting now
2017-11-20 20:38 - GPIO Setup Complete
2017-11-20 20:38 - Temperature: 10.0 C, Humidity:    60.0 %, Dew Point:   10.5 C
2017-11-20 20:38 - Temperature: 10.0 C, Humidity:    60.0 %, Dew Point:   9.8 C, Turning Fan On
2017-11-20 20:38 - Temperature: 10.0 C, Humidity:    60.0 %, Dew Point:   2.2 C
2017-11-20 20:38 - Temperature: 10.0 C, Humidity:    60.0 %, Dew Point:   6.5 C
2017-11-20 20:38 - Temperature: 10.0 C, Humidity:    60.0 %, Dew Point:   6.2 C, Turning Fan Off
2017-11-20 20:39 - Temperature: 10.0 C, Humidity:    60.0 %, Dew Point:   12.1 C
2017-11-20 20:39 - Temperature: 10.0 C, Humidity:    60.0 %, Dew Point:   5.6 C, Fan would turn on - resting
2017-11-20 20:39 - Temperature: 10.0 C, Humidity:    60.0 %, Dew Point:   7.7 C, Fan would turn on - resting
2017-11-20 20:39 - Temperature: 10.0 C, Humidity:    60.0 %, Dew Point:   6.1 C, Turning Fan On
